\BOOKMARK [0][-]{chapter*.1}{\376\377\000R\000e\000s\000u\000m\000o}{}% 1
\BOOKMARK [0][-]{chapter*.2}{\376\377\000A\000b\000s\000t\000r\000a\000c\000t}{}% 2
\BOOKMARK [0][-]{chapter*.3}{\376\377\000A\000g\000r\000a\000d\000e\000c\000i\000m\000e\000n\000t\000o\000s}{}% 3
\BOOKMARK [0][-]{chapter*.4}{\376\377\000\315\000n\000d\000i\000c\000e}{}% 4
\BOOKMARK [0][-]{chapter*.5}{\376\377\000L\000i\000s\000t\000a\000\040\000d\000e\000\040\000T\000a\000b\000e\000l\000a\000s}{}% 5
\BOOKMARK [0][-]{chapter*.6}{\376\377\000L\000i\000s\000t\000a\000\040\000d\000e\000\040\000F\000i\000g\000u\000r\000a\000s}{}% 6
\BOOKMARK [0][-]{section*.7}{\376\377\000L\000i\000s\000t\000a\000\040\000d\000e\000\040\000A\000c\000r\000\363\000n\000i\000m\000o\000s}{}% 7
\BOOKMARK [0][-]{chapter.1}{\376\377\000I\000n\000t\000r\000o\000d\000u\000\347\000\343\000o}{}% 8
\BOOKMARK [1][-]{subsection.1.0.1}{\376\377\000M\000o\000t\000i\000v\000a\000\347\000\343\000o}{chapter.1}% 9
\BOOKMARK [2][-]{subsection.1.0.2}{\376\377\000O\000b\000j\000e\000t\000i\000v\000o\000s}{subsection.1.0.1}% 10
\BOOKMARK [0][-]{chapter.2}{\376\377\000T\000r\000a\000b\000a\000l\000h\000o\000\040\000R\000e\000l\000a\000c\000i\000o\000n\000a\000d\000o}{}% 11
\BOOKMARK [0][-]{chapter.3}{\376\377\000M\000o\000d\000e\000l\000o\000\040\000P\000r\000o\000p\000o\000s\000t\000o}{}% 12
\BOOKMARK [1][-]{section.3.1}{\376\377\000R\000e\000q\000u\000i\000s\000i\000t\000o\000s}{chapter.3}% 13
\BOOKMARK [2][-]{subsection.3.1.1}{\376\377\000C\000a\000s\000o\000s\000\040\000d\000e\000\040\000U\000t\000i\000l\000i\000z\000a\000\347\000\343\000o}{section.3.1}% 14
\BOOKMARK [1][-]{section.3.2}{\376\377\000F\000u\000n\000d\000a\000m\000e\000n\000t\000o\000s}{chapter.3}% 15
\BOOKMARK [2][-]{subsection.3.2.1}{\376\377\000Q\000u\000a\000r\000t\000e\000r\000s}{section.3.2}% 16
\BOOKMARK [2][-]{subsection.3.2.2}{\376\377\000F\000i\000c\000h\000e\000i\000r\000o\000s}{section.3.2}% 17
\BOOKMARK [2][-]{subsection.3.2.3}{\376\377\000U\000t\000i\000l\000i\000z\000a\000d\000o\000r\000e\000s}{section.3.2}% 18
\BOOKMARK [1][-]{section.3.3}{\376\377\000A\000b\000o\000r\000d\000a\000g\000e\000m}{chapter.3}% 19
\BOOKMARK [2][-]{subsection.3.3.1}{\376\377\000O\000r\000g\000a\000n\000i\000z\000a\000\347\000\343\000o\000\040\000p\000o\000r\000\040\000Q\000u\000a\000r\000t\000e\000r\000s}{section.3.3}% 20
\BOOKMARK [2][-]{subsection.3.3.2}{\376\377\000P\000i\000p\000e\000l\000i\000n\000e\000\040\000d\000e\000\040\000N\000o\000r\000m\000a\000l\000i\000z\000a\000\347\000\343\000o\000\040\000d\000e\000\040\000D\000a\000d\000o\000s}{section.3.3}% 21
\BOOKMARK [0][-]{chapter.4}{\376\377\000I\000m\000p\000l\000e\000m\000e\000n\000t\000a\000\347\000\343\000o\000\040\000d\000o\000\040\000M\000o\000d\000e\000l\000o}{}% 22
\BOOKMARK [1][-]{section.4.1}{\376\377\000A\000r\000q\000u\000i\000t\000e\000t\000u\000r\000a\000\040\000T\000e\000c\000n\000o\000l\000\363\000g\000i\000c\000a}{chapter.4}% 23
\BOOKMARK [1][-]{section.4.2}{\376\377\000A\000n\000\341\000l\000i\000s\000e\000\040\000d\000o\000s\000\040\000d\000a\000d\000o\000s}{chapter.4}% 24
\BOOKMARK [2][-]{subsection.4.2.1}{\376\377\000A\000n\000\341\000l\000i\000s\000e\000\040\000i\000n\000i\000c\000i\000a\000l\000\040\000d\000a\000\040\000i\000n\000f\000o\000r\000m\000a\000\347\000\343\000o}{section.4.2}% 25
\BOOKMARK [2][-]{subsection.4.2.2}{\376\377\000C\000l\000a\000s\000s\000i\000f\000i\000c\000a\000\347\000\343\000o\000\040\000d\000a\000\040\000i\000n\000f\000o\000r\000m\000a\000\347\000\343\000o}{section.4.2}% 26
\BOOKMARK [2][-]{subsection.4.2.3}{\376\377\000V\000i\000s\000u\000a\000l\000i\000z\000a\000\347\000\343\000o\000\040\000e\000s\000c\000o\000l\000h\000i\000d\000a\000s\000\040\000p\000a\000r\000a\000\040\000o\000s\000\040\000v\000\341\000r\000i\000o\000s\000\040\000g\000r\000u\000p\000o\000s}{section.4.2}% 27
\BOOKMARK [1][-]{section.4.3}{\376\377\000P\000r\000o\000c\000e\000s\000s\000a\000m\000e\000n\000t\000o\000\040\000d\000o\000s\000\040\000d\000a\000d\000o\000s}{chapter.4}% 28
\BOOKMARK [2][-]{subsection.4.3.1}{\376\377\000P\000i\000p\000e\000l\000i\000n\000e\000\040\000d\000e\000\040\000t\000r\000a\000n\000s\000f\000o\000r\000m\000a\000\347\000\343\000o\000\040\000d\000o\000s\000\040\000d\000a\000d\000o\000s}{section.4.3}% 29
\BOOKMARK [2][-]{subsection.4.3.2}{\376\377\000C\000o\000n\000v\000e\000r\000s\000\343\000o\000\040\000e\000\040\000E\000x\000p\000o\000r\000t\000a\000\347\000\343\000o\000\040\000p\000a\000r\000a\000\040\000C\000S\000V}{section.4.3}% 30
\BOOKMARK [1][-]{section.4.4}{\376\377\000D\000e\000s\000e\000n\000v\000o\000l\000v\000i\000m\000e\000n\000t\000o\000\040\000d\000a\000\040\000A\000p\000l\000i\000c\000a\000\347\000\343\000o\000\040\000W\000e\000b}{chapter.4}% 31
\BOOKMARK [2][-]{subsection.4.4.1}{\376\377\000A\000r\000q\000u\000i\000t\000e\000t\000u\000r\000a\000\040\000d\000a\000\040\000a\000p\000l\000i\000c\000a\000\347\000\343\000o\000\040\000D\000j\000a\000n\000g\000o}{section.4.4}% 32
\BOOKMARK [2][-]{subsection.4.4.2}{\376\377\000E\000n\000d\000p\000o\000i\000n\000t\000s\000\040\000e\000\040\000A\000P\000I\000\040\000i\000n\000t\000e\000r\000n\000a}{section.4.4}% 33
\BOOKMARK [2][-]{subsection.4.4.3}{\376\377\000S\000i\000s\000t\000e\000m\000a\000\040\000d\000e\000\040\000p\000r\000o\000c\000e\000s\000s\000a\000m\000e\000n\000t\000o\000\040\000a\000s\000s\000\355\000n\000c\000r\000o\000n\000o\000\040\000e\000\040\000n\000o\000r\000m\000a\000l\000i\000z\000a\000\347\000\343\000o}{section.4.4}% 34
\BOOKMARK [1][-]{section.4.5}{\376\377\000I\000n\000t\000e\000r\000f\000a\000c\000e\000\040\000G\000r\000\341\000f\000i\000c\000a\000\040\000e\000\040\000E\000x\000p\000e\000r\000i\000\352\000n\000c\000i\000a\000\040\000d\000o\000\040\000U\000t\000i\000l\000i\000z\000a\000d\000o\000r\000\040\000\050\000F\000r\000o\000n\000t\000e\000n\000d\000\051}{chapter.4}% 35
\BOOKMARK [2][-]{subsection.4.5.1}{\376\377\000D\000e\000s\000i\000g\000n\000\040\000S\000y\000s\000t\000e\000m\000\040\000e\000\040\000F\000l\000o\000w\000b\000i\000t\000e}{section.4.5}% 36
\BOOKMARK [2][-]{subsection.4.5.2}{\376\377\000W\000e\000b\000C\000o\000m\000p\000o\000n\000e\000n\000t\000s\000\040\000e\000\040\000g\000r\000\341\000f\000i\000c\000o\000s\000\040\000i\000n\000t\000e\000r\000a\000t\000i\000v\000o\000s}{section.4.5}% 37
\BOOKMARK [2][-]{subsection.4.5.3}{\376\377\000G\000e\000s\000t\000\343\000o\000\040\000d\000e\000\040\000Q\000u\000a\000r\000t\000e\000r\000s\000\040\000e\000\040\000U\000p\000l\000o\000a\000d\000s}{section.4.5}% 38
\BOOKMARK [0][-]{chapter.5}{\376\377\000V\000a\000l\000i\000d\000a\000\347\000\343\000o\000\040\000e\000\040\000T\000e\000s\000t\000e\000s}{}% 39
\BOOKMARK [0][-]{chapter.6}{\376\377\000C\000o\000n\000c\000l\000u\000s\000\365\000e\000s\000\040\000e\000\040\000T\000r\000a\000b\000a\000l\000h\000o\000\040\000F\000u\000t\000u\000r\000o}{}% 40
\BOOKMARK [0][-]{appendix.A}{\376\377\000T\000u\000t\000o\000r\000i\000a\000l}{}% 41
\BOOKMARK [0][-]{appendix.B}{\376\377\000C\000a\000s\000o\000s\000\040\000d\000e\000\040\000U\000t\000i\000l\000i\000z\000a\000\347\000\343\000o\000\040\000-\000\040\000U\000M\000L}{}% 42
\BOOKMARK [0][-]{appendix.C}{\376\377\000T\000a\000b\000e\000l\000a\000\040\000d\000e\000\040\000R\000e\000q\000u\000i\000s\000i\000t\000o\000s\000\040\000f\000u\000n\000c\000i\000o\000n\000a\000i\000s}{}% 43
\BOOKMARK [0][-]{appendix.D}{\376\377\000T\000a\000b\000e\000l\000a\000\040\000d\000e\000\040\000R\000e\000q\000u\000i\000s\000i\000t\000o\000s\000\040\000n\000\343\000o\000\040\000f\000u\000n\000c\000i\000o\000n\000a\000i\000s}{}% 44
\BOOKMARK [0][-]{appendix.E}{\376\377\000C\000l\000a\000s\000s\000i\000f\000i\000c\000a\000\347\000\343\000o\000\040\000d\000a\000s\000\040\000f\000o\000l\000h\000a\000s\000\040\000E\000x\000c\000e\000l}{}% 45
